1383 886 182
777 915 179
1793 335 182
1386 492 182
649 1421 182
362 27 144
690 59 145
1763 1926 175
540 1426 182
1172 1736 180
1211 1368 177
567 429 142
1782 1530 180
862 1123 179
67 1135 179
1929 1802 175
22 1058 179
1069 167 179
1393 456 182
1011 42 179
229 1373 182
421 919 179
1784 537 182
1198 324 182
315 370 144
413 1526 182
91 980 179
1956 1873 175
862 1170 182
996 1281 182
305 925 179
1084 327 179
336 505 142
846 1729 182
1313 1857 180
124 1895 182
1582 545 182
814 1367 182
1434 364 182
43 1750 182
1087 808 179
1276 1178 177
1788 1584 180
1403 651 182
754 399 171
1932 1060 182
1676 1368 180
1739 12 182
226 586 144
94 1539 182
795 570 171
1434 378 182
1467 601 182
97 902 179
1317 492 182
652 756 171
1301 280 182
286 1441 182
1865 1689 180
444 619 142
440 729 171
31 117 119
97 1771 182
481 675 145
709 927 179
567 1856 182
1497 353 182
586 965 179
1306 683 182
219 624 144
1528 871 182
1732 829 182
1503 19 182
270 1368 182
1708 715 182
340 149 144
1796 723 182
618 245 144
846 1451 182
921 1555 182
379 1488 182
1764 228 182
1841 350 182
1193 1500 177
1034 1764 182
124 914 179
987 1856 182
1743 491 182
227 365 144
1859 1936 175
1432 551 182
437 1228 182
1275 1407 177
1474 121 182
858 395 171
29 1237 182
235 1793 182
1818 428 182
143 1011 179
1928 1529 180
776 404 171
443 1763 182
613 538 137
606 840 171
904 818 179
1128 688 179
1369 1917 180
1917 996 182
1324 1743 180
1470 183 182
490 1499 182
1772 725 182
1644 1590 167
1505 139 182
954 1786 182
1669 82 182
542 464 142
197 1507 182
1355 804 182
348 611 142
1622 1828 180
1299 1343 177
1746 1568 180
340 1422 182
1311 1810 180
1605 1801 180
1661 1730 180
878 1305 182
1320 736 182
1444 626 182
522 1465 182
708 1416 182
282 1258 182
924 1637 182
62 1624 182
600 36 144
1452 1899 180
1379 1550 172
1468 71 182
973 1131 169
1881 930 182
933 1894 182
660 163 145
1199 1981 180
899 996 174
959 1773 182
813 1668 182
1190 1095 182
926 466 179
1084 1340 182
